18:37:231 INFO ApplicationStore.<init>  App archive folder:/Users/young/Documents/workspace/appiumDemo/applications
18:37:301 FINE IOSServer.p  version:663b7cc0a7a48ff629b1bcb39bbd78aed1c1e560
18:37:302 FINE IOSServer.p  Beta features enabled (enabled by -real flag): false
18:37:302 FINE IOSServer.p  Simulator enabled : true
18:37:302 FINE IOSServer.p  Inspector: http://0.0.0.0:4444/inspector/
18:37:303 FINE IOSServer.p  Tests can access the server at http://0.0.0.0:4444/wd/hub
18:37:303 FINE IOSServer.p  Server status: http://0.0.0.0:4444/wd/hub/status
18:37:304 FINE IOSServer.p  Connected devices: http://0.0.0.0:4444/wd/hub/devices/all
18:37:305 FINE IOSServer.p  Applications: http://0.0.0.0:4444/wd/hub/applications/all
18:37:306 FINE IOSServer.p  Capabilities: http://0.0.0.0:4444/wd/hub/capabilities/all
18:37:306 FINE IOSServer.p  Monitoring '/Users/young/Documents/workspace/appiumDemo/applications' for new applications
18:37:307 FINE IOSServer.p  Archived apps: /Users/young/Documents/workspace/appiumDemo/applications
18:37:307 FINE IOSServer.p  Build info: ios-driver 0.6.6-SNAPSHOT (built:20141009-1559,sha:663b7cc0a7a48ff629b1bcb39bbd78aed1c1e560)
18:37:308 FINE IOSServer.p  Running on: Mac OS X 10.11.3 (x86_64)
18:37:308 FINE IOSServer.p  Using java: 1.7.0_79
18:37:308 FINE IOSServer.p  Using Xcode install: /Applications/Xcode.app
18:37:309 FINE IOSServer.p  Using instruments: version:7.2.1, build: 59503
18:37:309 FINE IOSServer.p  Using iOS version 9.2
18:37:980 FINE IOSServer.p  iOS >= 6.0. Safari and hybrid apps are supported.
18:37:980 FINE IOSServer.p  Applications :
18:37:981 FINE IOSServer.p  	CFBundleName=知乎日报,CFBundleVersion=2,/Users/young/Documents/workspace/appiumDemo/./apps/zhihudaily.app
18:37:981 FINE IOSServer.p  	CFBundleName=Safari,CFBundleVersion=601.1,/Users/young/.ios-driver/safariCopies/safari-9.2.app
20:14:484 SEVERE IDEServlet.doGet  ide process errororg.openqa.selenium.WebDriverException: Cannot find session null on the server.
Command duration or timeout: 498 milliseconds
Build info: version: 'unknown', revision: 'unknown', time: 'unknown'
System info: host: 'Youngs-MacBook-Pro.local', ip: '192.168.1.103', os.name: 'Mac OS X', os.arch: 'x86_64', os.version: '10.11.3', java.version: '1.7.0_79'
Driver info: driver.version: RemoteIOSDriver
	at sun.reflect.NativeConstructorAccessorImpl.newInstance0(Native Method)
	at sun.reflect.NativeConstructorAccessorImpl.newInstance(NativeConstructorAccessorImpl.java:57)
	at sun.reflect.DelegatingConstructorAccessorImpl.newInstance(DelegatingConstructorAccessorImpl.java:45)
	at java.lang.reflect.Constructor.newInstance(Constructor.java:526)
	at org.openqa.selenium.remote.ErrorHandler.createThrowable(ErrorHandler.java:204)
	at org.openqa.selenium.remote.ErrorHandler.throwIfResponseFailed(ErrorHandler.java:156)
	at org.uiautomation.ios.client.uiamodels.impl.configuration.WebDriverLikeCommandExecutor.execute(WebDriverLikeCommandExecutor.java:94)
	at org.uiautomation.ios.client.uiamodels.impl.RemoteIOSDriver.logElementTree(RemoteIOSDriver.java:279)
	at org.uiautomation.ios.client.uiamodels.impl.RemoteIOSDriver.logElementTree(RemoteIOSDriver.java:114)
	at org.uiautomation.ios.inspector.model.IDESessionModelImpl.refresh(IDESessionModelImpl.java:75)
	at org.uiautomation.ios.inspector.controllers.IDEController.handle(IDEController.java:42)
	at org.uiautomation.ios.inspector.IDEServlet.doGet(IDEServlet.java:92)
	at javax.servlet.http.HttpServlet.service(HttpServlet.java:735)
	at javax.servlet.http.HttpServlet.service(HttpServlet.java:848)
	at org.eclipse.jetty.servlet.ServletHolder.handle(ServletHolder.java:684)
	at org.eclipse.jetty.servlet.ServletHandler.doHandle(ServletHandler.java:501)
	at org.eclipse.jetty.server.session.SessionHandler.doHandle(SessionHandler.java:229)
	at org.eclipse.jetty.server.handler.ContextHandler.doHandle(ContextHandler.java:1086)
	at org.eclipse.jetty.servlet.ServletHandler.doScope(ServletHandler.java:428)
	at org.eclipse.jetty.server.session.SessionHandler.doScope(SessionHandler.java:193)
	at org.eclipse.jetty.server.handler.ContextHandler.doScope(ContextHandler.java:1020)
	at org.eclipse.jetty.server.handler.ScopedHandler.handle(ScopedHandler.java:135)
	at org.eclipse.jetty.server.handler.HandlerList.handle(HandlerList.java:52)
	at org.eclipse.jetty.server.handler.HandlerWrapper.handle(HandlerWrapper.java:116)
	at org.eclipse.jetty.server.Server.handle(Server.java:370)
	at org.eclipse.jetty.server.AbstractHttpConnection.handleRequest(AbstractHttpConnection.java:494)
	at org.eclipse.jetty.server.AbstractHttpConnection.headerComplete(AbstractHttpConnection.java:971)
	at org.eclipse.jetty.server.AbstractHttpConnection$RequestHandler.headerComplete(AbstractHttpConnection.java:1033)
	at org.eclipse.jetty.http.HttpParser.parseNext(HttpParser.java:644)
	at org.eclipse.jetty.http.HttpParser.parseAvailable(HttpParser.java:235)
	at org.eclipse.jetty.server.AsyncHttpConnection.handle(AsyncHttpConnection.java:82)
	at org.eclipse.jetty.io.nio.SelectChannelEndPoint.handle(SelectChannelEndPoint.java:667)
	at org.eclipse.jetty.io.nio.SelectChannelEndPoint$1.run(SelectChannelEndPoint.java:52)
	at org.eclipse.jetty.util.thread.QueuedThreadPool.runJob(QueuedThreadPool.java:608)
	at org.eclipse.jetty.util.thread.QueuedThreadPool$3.run(QueuedThreadPool.java:543)
	at java.lang.Thread.run(Thread.java:745)
Caused by: org.openqa.selenium.WebDriverException: Cannot find session null on the server.
Build info: version: 'unknown', revision: 'unknown', time: 'unknown'
System info: host: 'Youngs-MacBook-Pro.local', ip: '192.168.1.103', os.name: 'Mac OS X', os.arch: 'x86_64', os.version: '10.11.3', java.version: '1.7.0_79'
Driver info: driver.version: unknown
	at org.uiautomation.ios.IOSServerManager.getSession(IOSServerManager.java:272)
	at org.uiautomation.ios.servlet.IOSServlet.getResponse(IOSServlet.java:141)
	at org.uiautomation.ios.servlet.IOSServlet.process(IOSServlet.java:85)
	at org.uiautomation.ios.servlet.IOSServlet.doGet(IOSServlet.java:50)
	at javax.servlet.http.HttpServlet.service(HttpServlet.java:735)
	at javax.servlet.http.HttpServlet.service(HttpServlet.java:848)
	at org.eclipse.jetty.servlet.ServletHolder.handle(ServletHolder.java:684)
	at org.eclipse.jetty.servlet.ServletHandler.doHandle(ServletHandler.java:501)
	at org.eclipse.jetty.server.session.SessionHandler.doHandle(SessionHandler.java:229)
	at org.eclipse.jetty.server.handler.ContextHandler.doHandle(ContextHandler.java:1086)
	at org.eclipse.jetty.servlet.ServletHandler.doScope(ServletHandler.java:428)
	at org.eclipse.jetty.server.session.SessionHandler.doScope(SessionHandler.java:193)
	at org.eclipse.jetty.server.handler.ContextHandler.doScope(ContextHandler.java:1020)
	at org.eclipse.jetty.server.handler.ScopedHandler.handle(ScopedHandler.java:135)
	at org.eclipse.jetty.server.handler.HandlerList.handle(HandlerList.java:52)
	at org.eclipse.jetty.server.handler.HandlerWrapper.handle(HandlerWrapper.java:116)
	at org.eclipse.jetty.server.Server.handle(Server.java:370)
	at org.eclipse.jetty.server.AbstractHttpConnection.handleRequest(AbstractHttpConnection.java:494)
	at org.eclipse.jetty.server.AbstractHttpConnection.content(AbstractHttpConnection.java:982)
	at org.eclipse.jetty.server.AbstractHttpConnection$RequestHandler.content(AbstractHttpConnection.java:1043)
	at org.eclipse.jetty.http.HttpParser.parseNext(HttpParser.java:865)
	at org.eclipse.jetty.http.HttpParser.parseAvailable(HttpParser.java:240)
	... 6 more

20:54:863 SEVERE IDEServlet.doGet  ide process errororg.openqa.selenium.WebDriverException: Cannot find session null on the server.
Command duration or timeout: 8 milliseconds
Build info: version: 'unknown', revision: 'unknown', time: 'unknown'
System info: host: 'Youngs-MacBook-Pro.local', ip: '192.168.1.103', os.name: 'Mac OS X', os.arch: 'x86_64', os.version: '10.11.3', java.version: '1.7.0_79'
Driver info: driver.version: RemoteIOSDriver
	at sun.reflect.NativeConstructorAccessorImpl.newInstance0(Native Method)
	at sun.reflect.NativeConstructorAccessorImpl.newInstance(NativeConstructorAccessorImpl.java:57)
	at sun.reflect.DelegatingConstructorAccessorImpl.newInstance(DelegatingConstructorAccessorImpl.java:45)
	at java.lang.reflect.Constructor.newInstance(Constructor.java:526)
	at org.openqa.selenium.remote.ErrorHandler.createThrowable(ErrorHandler.java:204)
	at org.openqa.selenium.remote.ErrorHandler.throwIfResponseFailed(ErrorHandler.java:156)
	at org.uiautomation.ios.client.uiamodels.impl.configuration.WebDriverLikeCommandExecutor.execute(WebDriverLikeCommandExecutor.java:94)
	at org.uiautomation.ios.client.uiamodels.impl.RemoteIOSDriver.logElementTree(RemoteIOSDriver.java:279)
	at org.uiautomation.ios.client.uiamodels.impl.RemoteIOSDriver.logElementTree(RemoteIOSDriver.java:114)
	at org.uiautomation.ios.inspector.model.IDESessionModelImpl.refresh(IDESessionModelImpl.java:75)
	at org.uiautomation.ios.inspector.controllers.IDEController.handle(IDEController.java:42)
	at org.uiautomation.ios.inspector.IDEServlet.doGet(IDEServlet.java:92)
	at javax.servlet.http.HttpServlet.service(HttpServlet.java:735)
	at javax.servlet.http.HttpServlet.service(HttpServlet.java:848)
	at org.eclipse.jetty.servlet.ServletHolder.handle(ServletHolder.java:684)
	at org.eclipse.jetty.servlet.ServletHandler.doHandle(ServletHandler.java:501)
	at org.eclipse.jetty.server.session.SessionHandler.doHandle(SessionHandler.java:229)
	at org.eclipse.jetty.server.handler.ContextHandler.doHandle(ContextHandler.java:1086)
	at org.eclipse.jetty.servlet.ServletHandler.doScope(ServletHandler.java:428)
	at org.eclipse.jetty.server.session.SessionHandler.doScope(SessionHandler.java:193)
	at org.eclipse.jetty.server.handler.ContextHandler.doScope(ContextHandler.java:1020)
	at org.eclipse.jetty.server.handler.ScopedHandler.handle(ScopedHandler.java:135)
	at org.eclipse.jetty.server.handler.HandlerList.handle(HandlerList.java:52)
	at org.eclipse.jetty.server.handler.HandlerWrapper.handle(HandlerWrapper.java:116)
	at org.eclipse.jetty.server.Server.handle(Server.java:370)
	at org.eclipse.jetty.server.AbstractHttpConnection.handleRequest(AbstractHttpConnection.java:494)
	at org.eclipse.jetty.server.AbstractHttpConnection.headerComplete(AbstractHttpConnection.java:971)
	at org.eclipse.jetty.server.AbstractHttpConnection$RequestHandler.headerComplete(AbstractHttpConnection.java:1033)
	at org.eclipse.jetty.http.HttpParser.parseNext(HttpParser.java:644)
	at org.eclipse.jetty.http.HttpParser.parseAvailable(HttpParser.java:235)
	at org.eclipse.jetty.server.AsyncHttpConnection.handle(AsyncHttpConnection.java:82)
	at org.eclipse.jetty.io.nio.SelectChannelEndPoint.handle(SelectChannelEndPoint.java:667)
	at org.eclipse.jetty.io.nio.SelectChannelEndPoint$1.run(SelectChannelEndPoint.java:52)
	at org.eclipse.jetty.util.thread.QueuedThreadPool.runJob(QueuedThreadPool.java:608)
	at org.eclipse.jetty.util.thread.QueuedThreadPool$3.run(QueuedThreadPool.java:543)
	at java.lang.Thread.run(Thread.java:745)
Caused by: org.openqa.selenium.WebDriverException: Cannot find session null on the server.
Build info: version: 'unknown', revision: 'unknown', time: 'unknown'
System info: host: 'Youngs-MacBook-Pro.local', ip: '192.168.1.103', os.name: 'Mac OS X', os.arch: 'x86_64', os.version: '10.11.3', java.version: '1.7.0_79'
Driver info: driver.version: unknown
	at org.uiautomation.ios.IOSServerManager.getSession(IOSServerManager.java:272)
	at org.uiautomation.ios.servlet.IOSServlet.getResponse(IOSServlet.java:141)
	at org.uiautomation.ios.servlet.IOSServlet.process(IOSServlet.java:85)
	at org.uiautomation.ios.servlet.IOSServlet.doGet(IOSServlet.java:50)
	at javax.servlet.http.HttpServlet.service(HttpServlet.java:735)
	at javax.servlet.http.HttpServlet.service(HttpServlet.java:848)
	at org.eclipse.jetty.servlet.ServletHolder.handle(ServletHolder.java:684)
	at org.eclipse.jetty.servlet.ServletHandler.doHandle(ServletHandler.java:501)
	at org.eclipse.jetty.server.session.SessionHandler.doHandle(SessionHandler.java:229)
	at org.eclipse.jetty.server.handler.ContextHandler.doHandle(ContextHandler.java:1086)
	at org.eclipse.jetty.servlet.ServletHandler.doScope(ServletHandler.java:428)
	at org.eclipse.jetty.server.session.SessionHandler.doScope(SessionHandler.java:193)
	at org.eclipse.jetty.server.handler.ContextHandler.doScope(ContextHandler.java:1020)
	at org.eclipse.jetty.server.handler.ScopedHandler.handle(ScopedHandler.java:135)
	at org.eclipse.jetty.server.handler.HandlerList.handle(HandlerList.java:52)
	at org.eclipse.jetty.server.handler.HandlerWrapper.handle(HandlerWrapper.java:116)
	at org.eclipse.jetty.server.Server.handle(Server.java:370)
	at org.eclipse.jetty.server.AbstractHttpConnection.handleRequest(AbstractHttpConnection.java:494)
	at org.eclipse.jetty.server.AbstractHttpConnection.content(AbstractHttpConnection.java:982)
	at org.eclipse.jetty.server.AbstractHttpConnection$RequestHandler.content(AbstractHttpConnection.java:1043)
	at org.eclipse.jetty.http.HttpParser.parseNext(HttpParser.java:865)
	at org.eclipse.jetty.http.HttpParser.parseAvailable(HttpParser.java:240)
	... 6 more

04:03:104 INFO NewSessionNHandler.safeStart  The server cannot run Capabilities [{CFBundleIdentifier=com.apple.mobilesafari, simulator=true, timeHack=false, locale=en_GB, CFBundleName=Safari, variation=iPhone5s, device=iphone, language=en, instruments=true, sdkVersion=9.2}] at the moment.Cannot find /instruments_no_delay/7.2.1/59503/instruments.
Build info: version: 'unknown', revision: 'unknown', time: 'unknown'
System info: host: 'Youngs-MacBook-Pro.local', ip: '192.168.1.103', os.name: 'Mac OS X', os.arch: 'x86_64', os.version: '10.11.3', java.version: '1.7.0_79'
Driver info: driver.version: IOSDualDriver
Build info: version: 'unknown', revision: 'unknown', time: 'unknown'
System info: host: 'Youngs-MacBook-Pro.local', ip: '192.168.1.103', os.name: 'Mac OS X', os.arch: 'x86_64', os.version: '10.11.3', java.version: '1.7.0_79'
Driver info: driver.version: unknown
12:54:263 INFO NewSessionNHandler.safeStart  The server cannot run Capabilities [{CFBundleIdentifier=com.apple.mobilesafari, simulator=true, timeHack=false, locale=en_GB, CFBundleName=Safari, variation=iPhone5s, device=iphone, language=en, instruments=true, sdkVersion=9.2}] at the moment.Cannot find /instruments_no_delay/7.2.1/59503/instruments.
Build info: version: 'unknown', revision: 'unknown', time: 'unknown'
System info: host: 'Youngs-MacBook-Pro.local', ip: '192.168.1.103', os.name: 'Mac OS X', os.arch: 'x86_64', os.version: '10.11.3', java.version: '1.7.0_79'
Driver info: driver.version: IOSDualDriver
Build info: version: 'unknown', revision: 'unknown', time: 'unknown'
System info: host: 'Youngs-MacBook-Pro.local', ip: '192.168.1.103', os.name: 'Mac OS X', os.arch: 'x86_64', os.version: '10.11.3', java.version: '1.7.0_79'
Driver info: driver.version: unknown
