start_grid.sh: line 1:   587 Killed: 9               java -jar selenium-server-standalone-2.53.1.jar -role hub >&hub.log
sleep 60
appium --nodeconfig node4723.json -p 4723
appium --nodeconfig node4724 -p 4724
[Appium] Welcome to Appium v1.5.3 (REV 092d4712a1d00bc08eb0515d8e61f7859c7a2de0)
[Appium] Non-default server args:
[Appium]   port: 4724
[Appium]   nodeconfig: 'node4724.json'
[Appium] Welcome to Appium v1.5.3 (REV 092d4712a1d00bc08eb0515d8e61f7859c7a2de0)
[Appium] Non-default server args:
[Appium]   nodeconfig: 'node4723.json'
[debug] [Appium] Starting auto register thread for grid. Will try to register every 5000 ms.
[Appium] Appium REST http interface listener started on 0.0.0.0:4724
[debug] [Appium] Starting auto register thread for grid. Will try to register every 5000 ms.
[Appium] Appium REST http interface listener started on 0.0.0.0:4723
[debug] [Appium] Appium successfully registered with the grid on localhost:4444
[debug] [Appium] Appium successfully registered with the grid on localhost:4444
[HTTP] --> GET /wd/hub/status {}
[HTTP] --> GET /wd/hub/status {}
[MJSONWP] Calling AppiumDriver.getStatus() with args: []
[MJSONWP] Calling AppiumDriver.getStatus() with args: []
[MJSONWP] Responding to client with driver.getStatus() result: {"build":{"version":"1.5.3"...
[MJSONWP] Responding to client with driver.getStatus() result: {"build":{"version":"1.5.3"...
[HTTP] <-- GET /wd/hub/status 200 15 ms - 121 
[HTTP] <-- GET /wd/hub/status 200 15 ms - 121 
[HTTP] --> GET /wd/hub/status {}
[HTTP] --> GET /wd/hub/status {}
[MJSONWP] Calling AppiumDriver.getStatus() with args: []
[MJSONWP] Calling AppiumDriver.getStatus() with args: []
[MJSONWP] Responding to client with driver.getStatus() result: {"build":{"version":"1.5.3"...
[MJSONWP] Responding to client with driver.getStatus() result: {"build":{"version":"1.5.3"...
[HTTP] <-- GET /wd/hub/status 200 9 ms - 121 
[HTTP] <-- GET /wd/hub/status 200 10 ms - 121 
[HTTP] --> GET /wd/hub/status {}
[HTTP] --> GET /wd/hub/status {}
[MJSONWP] Calling AppiumDriver.getStatus() with args: []
[MJSONWP] Calling AppiumDriver.getStatus() with args: []
[MJSONWP] Responding to client with driver.getStatus() result: {"build":{"version":"1.5.3"...
[MJSONWP] Responding to client with driver.getStatus() result: {"build":{"version":"1.5.3"...
[HTTP] <-- GET /wd/hub/status 200 10 ms - 121 
[HTTP] <-- GET /wd/hub/status 200 10 ms - 121 
[HTTP] --> GET /wd/hub/status {}
[HTTP] --> GET /wd/hub/status {}
[MJSONWP] Calling AppiumDriver.getStatus() with args: []
[MJSONWP] Calling AppiumDriver.getStatus() with args: []
[MJSONWP] Responding to client with driver.getStatus() result: {"build":{"version":"1.5.3"...
[MJSONWP] Responding to client with driver.getStatus() result: {"build":{"version":"1.5.3"...
[HTTP] <-- GET /wd/hub/status 200 12 ms - 121 
[HTTP] <-- GET /wd/hub/status 200 12 ms - 121 
[HTTP] --> GET /wd/hub/status {}
[MJSONWP] Calling AppiumDriver.getStatus() with args: []
[MJSONWP] Responding to client with driver.getStatus() result: {"build":{"version":"1.5.3"...
[HTTP] <-- GET /wd/hub/status 200 11 ms - 121 
[HTTP] --> GET /wd/hub/status {}
[MJSONWP] Calling AppiumDriver.getStatus() with args: []
[MJSONWP] Responding to client with driver.getStatus() result: {"build":{"version":"1.5.3"...
[HTTP] <-- GET /wd/hub/status 200 10 ms - 121 
[HTTP] --> GET /wd/hub/status {}
[MJSONWP] Calling AppiumDriver.getStatus() with args: []
[HTTP] --> GET /wd/hub/status {}
[MJSONWP] Calling AppiumDriver.getStatus() with args: []
[MJSONWP] Responding to client with driver.getStatus() result: {"build":{"version":"1.5.3"...
[HTTP] <-- GET /wd/hub/status 200 13 ms - 121 
[MJSONWP] Responding to client with driver.getStatus() result: {"build":{"version":"1.5.3"...
[HTTP] <-- GET /wd/hub/status 200 40 ms - 121 
[HTTP] --> GET /wd/hub/status {}
[MJSONWP] Calling AppiumDriver.getStatus() with args: []
[MJSONWP] Responding to client with driver.getStatus() result: {"build":{"version":"1.5.3"...
[HTTP] <-- GET /wd/hub/status 200 11 ms - 121 
[HTTP] --> GET /wd/hub/status {}
[MJSONWP] Calling AppiumDriver.getStatus() with args: []
[MJSONWP] Responding to client with driver.getStatus() result: {"build":{"version":"1.5.3"...
[HTTP] <-- GET /wd/hub/status 200 10 ms - 121 
[HTTP] --> GET /wd/hub/status {}
[MJSONWP] Calling AppiumDriver.getStatus() with args: []
[MJSONWP] Responding to client with driver.getStatus() result: {"build":{"version":"1.5.3"...
[HTTP] <-- GET /wd/hub/status 200 8 ms - 121 
[HTTP] --> GET /wd/hub/status {}
[MJSONWP] Calling AppiumDriver.getStatus() with args: []
[MJSONWP] Responding to client with driver.getStatus() result: {"build":{"version":"1.5.3"...
[HTTP] <-- GET /wd/hub/status 200 9 ms - 121 
[HTTP] --> GET /wd/hub/status {}
[MJSONWP] Calling AppiumDriver.getStatus() with args: []
[MJSONWP] Responding to client with driver.getStatus() result: {"build":{"version":"1.5.3"...
[HTTP] <-- GET /wd/hub/status 200 10 ms - 121 
[HTTP] --> GET /wd/hub/status {}
[MJSONWP] Calling AppiumDriver.getStatus() with args: []
[MJSONWP] Responding to client with driver.getStatus() result: {"build":{"version":"1.5.3"...
[HTTP] <-- GET /wd/hub/status 200 9 ms - 121 
[HTTP] --> GET /wd/hub/status {}
[MJSONWP] Calling AppiumDriver.getStatus() with args: []
[MJSONWP] Responding to client with driver.getStatus() result: {"build":{"version":"1.5.3"...
[HTTP] <-- GET /wd/hub/status 200 9 ms - 121 
[HTTP] --> GET /wd/hub/status {}
[MJSONWP] Calling AppiumDriver.getStatus() with args: []
[MJSONWP] Responding to client with driver.getStatus() result: {"build":{"version":"1.5.3"...
[HTTP] <-- GET /wd/hub/status 200 13 ms - 121 
[HTTP] --> GET /wd/hub/status {}
[MJSONWP] Calling AppiumDriver.getStatus() with args: []
[MJSONWP] Responding to client with driver.getStatus() result: {"build":{"version":"1.5.3"...
[HTTP] <-- GET /wd/hub/status 200 8 ms - 121 
[HTTP] --> GET /wd/hub/status {}
[MJSONWP] Calling AppiumDriver.getStatus() with args: []
[MJSONWP] Responding to client with driver.getStatus() result: {"build":{"version":"1.5.3"...
[HTTP] <-- GET /wd/hub/status 200 8 ms - 121 
[HTTP] --> GET /wd/hub/status {}
[MJSONWP] Calling AppiumDriver.getStatus() with args: []
[MJSONWP] Responding to client with driver.getStatus() result: {"build":{"version":"1.5.3"...
[HTTP] <-- GET /wd/hub/status 200 8 ms - 121 
[HTTP] --> GET /wd/hub/status {}
[MJSONWP] Calling AppiumDriver.getStatus() with args: []
[MJSONWP] Responding to client with driver.getStatus() result: {"build":{"version":"1.5.3"...
[HTTP] <-- GET /wd/hub/status 200 8 ms - 121 
[HTTP] --> GET /wd/hub/status {}
[MJSONWP] Calling AppiumDriver.getStatus() with args: []
[MJSONWP] Responding to client with driver.getStatus() result: {"build":{"version":"1.5.3"...
[HTTP] <-- GET /wd/hub/status 200 10 ms - 121 
[HTTP] --> GET /wd/hub/status {}
[MJSONWP] Calling AppiumDriver.getStatus() with args: []
[MJSONWP] Responding to client with driver.getStatus() result: {"build":{"version":"1.5.3"...
[HTTP] <-- GET /wd/hub/status 200 10 ms - 121 
[HTTP] --> GET /wd/hub/status {}
[MJSONWP] Calling AppiumDriver.getStatus() with args: []
[MJSONWP] Responding to client with driver.getStatus() result: {"build":{"version":"1.5.3"...
[HTTP] <-- GET /wd/hub/status 200 8 ms - 121 
[HTTP] --> GET /wd/hub/status {}
[MJSONWP] Calling AppiumDriver.getStatus() with args: []
[MJSONWP] Responding to client with driver.getStatus() result: {"build":{"version":"1.5.3"...
[HTTP] <-- GET /wd/hub/status 200 8 ms - 121 
[HTTP] --> GET /wd/hub/status {}
[MJSONWP] Calling AppiumDriver.getStatus() with args: []
[MJSONWP] Responding to client with driver.getStatus() result: {"build":{"version":"1.5.3"...
[HTTP] <-- GET /wd/hub/status 200 8 ms - 121 
[HTTP] --> GET /wd/hub/status {}
[MJSONWP] Calling AppiumDriver.getStatus() with args: []
[MJSONWP] Responding to client with driver.getStatus() result: {"build":{"version":"1.5.3"...
[HTTP] <-- GET /wd/hub/status 200 12 ms - 121 
[HTTP] --> GET /wd/hub/status {}
[MJSONWP] Calling AppiumDriver.getStatus() with args: []
[MJSONWP] Responding to client with driver.getStatus() result: {"build":{"version":"1.5.3"...
[HTTP] <-- GET /wd/hub/status 200 8 ms - 121 
[HTTP] --> GET /wd/hub/status {}
[MJSONWP] Calling AppiumDriver.getStatus() with args: []
[MJSONWP] Responding to client with driver.getStatus() result: {"build":{"version":"1.5.3"...
[HTTP] <-- GET /wd/hub/status 200 8 ms - 121 
[HTTP] --> GET /wd/hub/status {}
[MJSONWP] Calling AppiumDriver.getStatus() with args: []
[MJSONWP] Responding to client with driver.getStatus() result: {"build":{"version":"1.5.3"...
[HTTP] <-- GET /wd/hub/status 200 8 ms - 121 
[HTTP] --> GET /wd/hub/status {}
[MJSONWP] Calling AppiumDriver.getStatus() with args: []
[MJSONWP] Responding to client with driver.getStatus() result: {"build":{"version":"1.5.3"...
[HTTP] <-- GET /wd/hub/status 200 9 ms - 121 
[HTTP] --> GET /wd/hub/status {}
[MJSONWP] Calling AppiumDriver.getStatus() with args: []
[MJSONWP] Responding to client with driver.getStatus() result: {"build":{"version":"1.5.3"...
[HTTP] <-- GET /wd/hub/status 200 9 ms - 121 
[HTTP] --> GET /wd/hub/status {}
[MJSONWP] Calling AppiumDriver.getStatus() with args: []
[MJSONWP] Responding to client with driver.getStatus() result: {"build":{"version":"1.5.3"...
[HTTP] <-- GET /wd/hub/status 200 8 ms - 121 
[HTTP] --> GET /wd/hub/status {}
[MJSONWP] Calling AppiumDriver.getStatus() with args: []
[MJSONWP] Responding to client with driver.getStatus() result: {"build":{"version":"1.5.3"...
[HTTP] <-- GET /wd/hub/status 200 9 ms - 121 
[HTTP] --> GET /wd/hub/status {}
[MJSONWP] Calling AppiumDriver.getStatus() with args: []
[MJSONWP] Responding to client with driver.getStatus() result: {"build":{"version":"1.5.3"...
[HTTP] <-- GET /wd/hub/status 200 8 ms - 121 
[HTTP] --> GET /wd/hub/status {}
[MJSONWP] Calling AppiumDriver.getStatus() with args: []
[MJSONWP] Responding to client with driver.getStatus() result: {"build":{"version":"1.5.3"...
[HTTP] <-- GET /wd/hub/status 200 9 ms - 121 
[HTTP] --> GET /wd/hub/status {}
[MJSONWP] Calling AppiumDriver.getStatus() with args: []
[MJSONWP] Responding to client with driver.getStatus() result: {"build":{"version":"1.5.3"...
[HTTP] <-- GET /wd/hub/status 200 8 ms - 121 
[HTTP] --> GET /wd/hub/status {}
[MJSONWP] Calling AppiumDriver.getStatus() with args: []
[MJSONWP] Responding to client with driver.getStatus() result: {"build":{"version":"1.5.3"...
[HTTP] <-- GET /wd/hub/status 200 8 ms - 121 
[HTTP] --> GET /wd/hub/status {}
[MJSONWP] Calling AppiumDriver.getStatus() with args: []
[MJSONWP] Responding to client with driver.getStatus() result: {"build":{"version":"1.5.3"...
[HTTP] <-- GET /wd/hub/status 200 9 ms - 121 
[HTTP] --> GET /wd/hub/status {}
[MJSONWP] Calling AppiumDriver.getStatus() with args: []
[MJSONWP] Responding to client with driver.getStatus() result: {"build":{"version":"1.5.3"...
[HTTP] <-- GET /wd/hub/status 200 11 ms - 121 
[HTTP] --> GET /wd/hub/status {}
[MJSONWP] Calling AppiumDriver.getStatus() with args: []
[MJSONWP] Responding to client with driver.getStatus() result: {"build":{"version":"1.5.3"...
[HTTP] <-- GET /wd/hub/status 200 12 ms - 121 
[HTTP] --> GET /wd/hub/status {}
[MJSONWP] Calling AppiumDriver.getStatus() with args: []
[MJSONWP] Responding to client with driver.getStatus() result: {"build":{"version":"1.5.3"...
[HTTP] <-- GET /wd/hub/status 200 8 ms - 121 
[HTTP] --> GET /wd/hub/status {}
[MJSONWP] Calling AppiumDriver.getStatus() with args: []
[MJSONWP] Responding to client with driver.getStatus() result: {"build":{"version":"1.5.3"...
[HTTP] <-- GET /wd/hub/status 200 9 ms - 121 
[HTTP] --> GET /wd/hub/status {}
[MJSONWP] Calling AppiumDriver.getStatus() with args: []
[MJSONWP] Responding to client with driver.getStatus() result: {"build":{"version":"1.5.3"...
[HTTP] <-- GET /wd/hub/status 200 7 ms - 121 
[HTTP] --> GET /wd/hub/status {}
[MJSONWP] Calling AppiumDriver.getStatus() with args: []
[MJSONWP] Responding to client with driver.getStatus() result: {"build":{"version":"1.5.3"...
[HTTP] <-- GET /wd/hub/status 200 8 ms - 121 
[HTTP] --> GET /wd/hub/status {}
[MJSONWP] Calling AppiumDriver.getStatus() with args: []
[MJSONWP] Responding to client with driver.getStatus() result: {"build":{"version":"1.5.3"...
[HTTP] <-- GET /wd/hub/status 200 8 ms - 121 
[HTTP] --> GET /wd/hub/status {}
[MJSONWP] Calling AppiumDriver.getStatus() with args: []
[MJSONWP] Responding to client with driver.getStatus() result: {"build":{"version":"1.5.3"...
[HTTP] <-- GET /wd/hub/status 200 9 ms - 121 
[HTTP] --> GET /wd/hub/status {}
[MJSONWP] Calling AppiumDriver.getStatus() with args: []
[MJSONWP] Responding to client with driver.getStatus() result: {"build":{"version":"1.5.3"...
[HTTP] <-- GET /wd/hub/status 200 12 ms - 121 
[HTTP] --> GET /wd/hub/status {}
[MJSONWP] Calling AppiumDriver.getStatus() with args: []
[MJSONWP] Responding to client with driver.getStatus() result: {"build":{"version":"1.5.3"...
[HTTP] <-- GET /wd/hub/status 200 13 ms - 121 
[HTTP] --> GET /wd/hub/status {}
[MJSONWP] Calling AppiumDriver.getStatus() with args: []
[MJSONWP] Responding to client with driver.getStatus() result: {"build":{"version":"1.5.3"...
[HTTP] <-- GET /wd/hub/status 200 9 ms - 121 
[HTTP] --> GET /wd/hub/status {}
[MJSONWP] Calling AppiumDriver.getStatus() with args: []
[MJSONWP] Responding to client with driver.getStatus() result: {"build":{"version":"1.5.3"...
[HTTP] <-- GET /wd/hub/status 200 8 ms - 121 
[HTTP] --> GET /wd/hub/status {}
[MJSONWP] Calling AppiumDriver.getStatus() with args: []
[MJSONWP] Responding to client with driver.getStatus() result: {"build":{"version":"1.5.3"...
[HTTP] <-- GET /wd/hub/status 200 8 ms - 121 
[HTTP] --> GET /wd/hub/status {}
[MJSONWP] Calling AppiumDriver.getStatus() with args: []
[MJSONWP] Responding to client with driver.getStatus() result: {"build":{"version":"1.5.3"...
[HTTP] <-- GET /wd/hub/status 200 8 ms - 121 
[HTTP] --> GET /wd/hub/status {}
[MJSONWP] Calling AppiumDriver.getStatus() with args: []
[MJSONWP] Responding to client with driver.getStatus() result: {"build":{"version":"1.5.3"...
[HTTP] <-- GET /wd/hub/status 200 7 ms - 121 
[HTTP] --> GET /wd/hub/status {}
[MJSONWP] Calling AppiumDriver.getStatus() with args: []
[MJSONWP] Responding to client with driver.getStatus() result: {"build":{"version":"1.5.3"...
[HTTP] <-- GET /wd/hub/status 200 8 ms - 121 
[HTTP] --> GET /wd/hub/status {}
[MJSONWP] Calling AppiumDriver.getStatus() with args: []
[MJSONWP] Responding to client with driver.getStatus() result: {"build":{"version":"1.5.3"...
[HTTP] <-- GET /wd/hub/status 200 7 ms - 121 
[HTTP] --> GET /wd/hub/status {}
[MJSONWP] Calling AppiumDriver.getStatus() with args: []
[MJSONWP] Responding to client with driver.getStatus() result: {"build":{"version":"1.5.3"...
[HTTP] <-- GET /wd/hub/status 200 8 ms - 121 
[HTTP] --> GET /wd/hub/status {}
[MJSONWP] Calling AppiumDriver.getStatus() with args: []
[MJSONWP] Responding to client with driver.getStatus() result: {"build":{"version":"1.5.3"...
[HTTP] <-- GET /wd/hub/status 200 8 ms - 121 
[HTTP] --> GET /wd/hub/status {}
[MJSONWP] Calling AppiumDriver.getStatus() with args: []
[MJSONWP] Responding to client with driver.getStatus() result: {"build":{"version":"1.5.3"...
[HTTP] <-- GET /wd/hub/status 200 8 ms - 121 
[HTTP] --> GET /wd/hub/status {}
[MJSONWP] Calling AppiumDriver.getStatus() with args: []
[MJSONWP] Responding to client with driver.getStatus() result: {"build":{"version":"1.5.3"...
[HTTP] <-- GET /wd/hub/status 200 8 ms - 121 
[HTTP] --> GET /wd/hub/status {}
[MJSONWP] Calling AppiumDriver.getStatus() with args: []
[MJSONWP] Responding to client with driver.getStatus() result: {"build":{"version":"1.5.3"...
[HTTP] <-- GET /wd/hub/status 200 9 ms - 121 
[HTTP] --> GET /wd/hub/status {}
[MJSONWP] Calling AppiumDriver.getStatus() with args: []
[MJSONWP] Responding to client with driver.getStatus() result: {"build":{"version":"1.5.3"...
[HTTP] <-- GET /wd/hub/status 200 9 ms - 121 
[HTTP] --> GET /wd/hub/status {}
[MJSONWP] Calling AppiumDriver.getStatus() with args: []
[MJSONWP] Responding to client with driver.getStatus() result: {"build":{"version":"1.5.3"...
[HTTP] <-- GET /wd/hub/status 200 10 ms - 121 
[HTTP] --> GET /wd/hub/status {}
[MJSONWP] Calling AppiumDriver.getStatus() with args: []
[MJSONWP] Responding to client with driver.getStatus() result: {"build":{"version":"1.5.3"...
[HTTP] <-- GET /wd/hub/status 200 8 ms - 121 
[HTTP] --> GET /wd/hub/status {}
[MJSONWP] Calling AppiumDriver.getStatus() with args: []
[MJSONWP] Responding to client with driver.getStatus() result: {"build":{"version":"1.5.3"...
[HTTP] <-- GET /wd/hub/status 200 8 ms - 121 
[HTTP] --> GET /wd/hub/status {}
[MJSONWP] Calling AppiumDriver.getStatus() with args: []
[MJSONWP] Responding to client with driver.getStatus() result: {"build":{"version":"1.5.3"...
[HTTP] <-- GET /wd/hub/status 200 8 ms - 121 
[HTTP] --> GET /wd/hub/status {}
[MJSONWP] Calling AppiumDriver.getStatus() with args: []
[MJSONWP] Responding to client with driver.getStatus() result: {"build":{"version":"1.5.3"...
[HTTP] <-- GET /wd/hub/status 200 8 ms - 121 
[HTTP] --> GET /wd/hub/status {}
[MJSONWP] Calling AppiumDriver.getStatus() with args: []
[MJSONWP] Responding to client with driver.getStatus() result: {"build":{"version":"1.5.3"...
[HTTP] <-- GET /wd/hub/status 200 8 ms - 121 
[HTTP] --> GET /wd/hub/status {}
[MJSONWP] Calling AppiumDriver.getStatus() with args: []
[MJSONWP] Responding to client with driver.getStatus() result: {"build":{"version":"1.5.3"...
[HTTP] <-- GET /wd/hub/status 200 8 ms - 121 
[HTTP] --> GET /wd/hub/status {}
[MJSONWP] Calling AppiumDriver.getStatus() with args: []
[MJSONWP] Responding to client with driver.getStatus() result: {"build":{"version":"1.5.3"...
[HTTP] <-- GET /wd/hub/status 200 7 ms - 121 
[HTTP] --> GET /wd/hub/status {}
[MJSONWP] Calling AppiumDriver.getStatus() with args: []
[MJSONWP] Responding to client with driver.getStatus() result: {"build":{"version":"1.5.3"...
[HTTP] <-- GET /wd/hub/status 200 8 ms - 121 
[HTTP] --> GET /wd/hub/status {}
[MJSONWP] Calling AppiumDriver.getStatus() with args: []
[MJSONWP] Responding to client with driver.getStatus() result: {"build":{"version":"1.5.3"...
[HTTP] <-- GET /wd/hub/status 200 7 ms - 121 
[HTTP] --> GET /wd/hub/status {}
[MJSONWP] Calling AppiumDriver.getStatus() with args: []
[MJSONWP] Responding to client with driver.getStatus() result: {"build":{"version":"1.5.3"...
[HTTP] <-- GET /wd/hub/status 200 8 ms - 121 
[HTTP] --> GET /wd/hub/status {}
[MJSONWP] Calling AppiumDriver.getStatus() with args: []
[MJSONWP] Responding to client with driver.getStatus() result: {"build":{"version":"1.5.3"...
[HTTP] <-- GET /wd/hub/status 200 8 ms - 121 
[HTTP] --> GET /wd/hub/status {}
[MJSONWP] Calling AppiumDriver.getStatus() with args: []
[MJSONWP] Responding to client with driver.getStatus() result: {"build":{"version":"1.5.3"...
[HTTP] <-- GET /wd/hub/status 200 9 ms - 121 
[HTTP] --> GET /wd/hub/status {}
[MJSONWP] Calling AppiumDriver.getStatus() with args: []
[MJSONWP] Responding to client with driver.getStatus() result: {"build":{"version":"1.5.3"...
[HTTP] <-- GET /wd/hub/status 200 8 ms - 121 
[HTTP] --> GET /wd/hub/status {}
[MJSONWP] Calling AppiumDriver.getStatus() with args: []
[MJSONWP] Responding to client with driver.getStatus() result: {"build":{"version":"1.5.3"...
[HTTP] <-- GET /wd/hub/status 200 9 ms - 121 
[HTTP] --> GET /wd/hub/status {}
[MJSONWP] Calling AppiumDriver.getStatus() with args: []
[MJSONWP] Responding to client with driver.getStatus() result: {"build":{"version":"1.5.3"...
[HTTP] <-- GET /wd/hub/status 200 7 ms - 121 
[HTTP] --> GET /wd/hub/status {}
[MJSONWP] Calling AppiumDriver.getStatus() with args: []
[MJSONWP] Responding to client with driver.getStatus() result: {"build":{"version":"1.5.3"...
[HTTP] <-- GET /wd/hub/status 200 8 ms - 121 
[HTTP] --> GET /wd/hub/status {}
[MJSONWP] Calling AppiumDriver.getStatus() with args: []
[MJSONWP] Responding to client with driver.getStatus() result: {"build":{"version":"1.5.3"...
[HTTP] <-- GET /wd/hub/status 200 8 ms - 121 
[HTTP] --> GET /wd/hub/status {}
[MJSONWP] Calling AppiumDriver.getStatus() with args: []
[MJSONWP] Responding to client with driver.getStatus() result: {"build":{"version":"1.5.3"...
[HTTP] <-- GET /wd/hub/status 200 8 ms - 121 
[HTTP] --> GET /wd/hub/status {}
[MJSONWP] Calling AppiumDriver.getStatus() with args: []
[MJSONWP] Responding to client with driver.getStatus() result: {"build":{"version":"1.5.3"...
[HTTP] <-- GET /wd/hub/status 200 8 ms - 121 
[HTTP] --> GET /wd/hub/status {}
[MJSONWP] Calling AppiumDriver.getStatus() with args: []
[MJSONWP] Responding to client with driver.getStatus() result: {"build":{"version":"1.5.3"...
[HTTP] <-- GET /wd/hub/status 200 9 ms - 121 
[HTTP] --> GET /wd/hub/status {}
[MJSONWP] Calling AppiumDriver.getStatus() with args: []
[MJSONWP] Responding to client with driver.getStatus() result: {"build":{"version":"1.5.3"...
[HTTP] <-- GET /wd/hub/status 200 10 ms - 121 
[HTTP] --> GET /wd/hub/status {}
[MJSONWP] Calling AppiumDriver.getStatus() with args: []
[MJSONWP] Responding to client with driver.getStatus() result: {"build":{"version":"1.5.3"...
[HTTP] <-- GET /wd/hub/status 200 11 ms - 121 
[HTTP] --> GET /wd/hub/status {}
[MJSONWP] Calling AppiumDriver.getStatus() with args: []
[MJSONWP] Responding to client with driver.getStatus() result: {"build":{"version":"1.5.3"...
[HTTP] <-- GET /wd/hub/status 200 7 ms - 121 
[HTTP] --> GET /wd/hub/status {}
[MJSONWP] Calling AppiumDriver.getStatus() with args: []
[MJSONWP] Responding to client with driver.getStatus() result: {"build":{"version":"1.5.3"...
[HTTP] <-- GET /wd/hub/status 200 8 ms - 121 
[HTTP] --> GET /wd/hub/status {}
[MJSONWP] Calling AppiumDriver.getStatus() with args: []
[MJSONWP] Responding to client with driver.getStatus() result: {"build":{"version":"1.5.3"...
[HTTP] <-- GET /wd/hub/status 200 8 ms - 121 
[HTTP] --> GET /wd/hub/status {}
[MJSONWP] Calling AppiumDriver.getStatus() with args: []
[MJSONWP] Responding to client with driver.getStatus() result: {"build":{"version":"1.5.3"...
[HTTP] <-- GET /wd/hub/status 200 8 ms - 121 
[HTTP] --> GET /wd/hub/status {}
[MJSONWP] Calling AppiumDriver.getStatus() with args: []
[MJSONWP] Responding to client with driver.getStatus() result: {"build":{"version":"1.5.3"...
[HTTP] <-- GET /wd/hub/status 200 8 ms - 121 
[HTTP] --> GET /wd/hub/status {}
[MJSONWP] Calling AppiumDriver.getStatus() with args: []
[MJSONWP] Responding to client with driver.getStatus() result: {"build":{"version":"1.5.3"...
[HTTP] <-- GET /wd/hub/status 200 9 ms - 121 
[HTTP] --> GET /wd/hub/status {}
[MJSONWP] Calling AppiumDriver.getStatus() with args: []
[MJSONWP] Responding to client with driver.getStatus() result: {"build":{"version":"1.5.3"...
[HTTP] <-- GET /wd/hub/status 200 8 ms - 121 
[HTTP] --> GET /wd/hub/status {}
[MJSONWP] Calling AppiumDriver.getStatus() with args: []
[MJSONWP] Responding to client with driver.getStatus() result: {"build":{"version":"1.5.3"...
[HTTP] <-- GET /wd/hub/status 200 9 ms - 121 
[HTTP] --> GET /wd/hub/status {}
[MJSONWP] Calling AppiumDriver.getStatus() with args: []
[MJSONWP] Responding to client with driver.getStatus() result: {"build":{"version":"1.5.3"...
[HTTP] <-- GET /wd/hub/status 200 9 ms - 121 
[HTTP] --> GET /wd/hub/status {}
[MJSONWP] Calling AppiumDriver.getStatus() with args: []
[MJSONWP] Responding to client with driver.getStatus() result: {"build":{"version":"1.5.3"...
[HTTP] <-- GET /wd/hub/status 200 8 ms - 121 
[HTTP] --> GET /wd/hub/status {}
[MJSONWP] Calling AppiumDriver.getStatus() with args: []
[MJSONWP] Responding to client with driver.getStatus() result: {"build":{"version":"1.5.3"...
[HTTP] <-- GET /wd/hub/status 200 7 ms - 121 
[HTTP] --> GET /wd/hub/status {}
[MJSONWP] Calling AppiumDriver.getStatus() with args: []
[MJSONWP] Responding to client with driver.getStatus() result: {"build":{"version":"1.5.3"...
[HTTP] <-- GET /wd/hub/status 200 8 ms - 121 
[HTTP] --> GET /wd/hub/status {}
[MJSONWP] Calling AppiumDriver.getStatus() with args: []
[MJSONWP] Responding to client with driver.getStatus() result: {"build":{"version":"1.5.3"...
[HTTP] <-- GET /wd/hub/status 200 7 ms - 121 
[HTTP] --> GET /wd/hub/status {}
[MJSONWP] Calling AppiumDriver.getStatus() with args: []
[MJSONWP] Responding to client with driver.getStatus() result: {"build":{"version":"1.5.3"...
[HTTP] <-- GET /wd/hub/status 200 8 ms - 121 
[HTTP] --> GET /wd/hub/status {}
[MJSONWP] Calling AppiumDriver.getStatus() with args: []
[MJSONWP] Responding to client with driver.getStatus() result: {"build":{"version":"1.5.3"...
[HTTP] <-- GET /wd/hub/status 200 8 ms - 121 
[HTTP] --> GET /wd/hub/status {}
[MJSONWP] Calling AppiumDriver.getStatus() with args: []
[MJSONWP] Responding to client with driver.getStatus() result: {"build":{"version":"1.5.3"...
[HTTP] <-- GET /wd/hub/status 200 8 ms - 121 
[HTTP] --> GET /wd/hub/status {}
[MJSONWP] Calling AppiumDriver.getStatus() with args: []
[MJSONWP] Responding to client with driver.getStatus() result: {"build":{"version":"1.5.3"...
[HTTP] <-- GET /wd/hub/status 200 7 ms - 121 
[HTTP] --> GET /wd/hub/status {}
[MJSONWP] Calling AppiumDriver.getStatus() with args: []
[MJSONWP] Responding to client with driver.getStatus() result: {"build":{"version":"1.5.3"...
[HTTP] <-- GET /wd/hub/status 200 8 ms - 121 
[HTTP] --> GET /wd/hub/status {}
[MJSONWP] Calling AppiumDriver.getStatus() with args: []
[MJSONWP] Responding to client with driver.getStatus() result: {"build":{"version":"1.5.3"...
[HTTP] <-- GET /wd/hub/status 200 7 ms - 121 
[HTTP] --> GET /wd/hub/status {}
[MJSONWP] Calling AppiumDriver.getStatus() with args: []
[MJSONWP] Responding to client with driver.getStatus() result: {"build":{"version":"1.5.3"...
[HTTP] <-- GET /wd/hub/status 200 8 ms - 121 
[HTTP] --> GET /wd/hub/status {}
[MJSONWP] Calling AppiumDriver.getStatus() with args: []
[MJSONWP] Responding to client with driver.getStatus() result: {"build":{"version":"1.5.3"...
[HTTP] <-- GET /wd/hub/status 200 8 ms - 121 
[HTTP] --> GET /wd/hub/status {}
[MJSONWP] Calling AppiumDriver.getStatus() with args: []
[MJSONWP] Responding to client with driver.getStatus() result: {"build":{"version":"1.5.3"...
[HTTP] <-- GET /wd/hub/status 200 10 ms - 121 
[HTTP] --> GET /wd/hub/status {}
[MJSONWP] Calling AppiumDriver.getStatus() with args: []
[MJSONWP] Responding to client with driver.getStatus() result: {"build":{"version":"1.5.3"...
[HTTP] <-- GET /wd/hub/status 200 9 ms - 121 
[HTTP] --> GET /wd/hub/status {}
[MJSONWP] Calling AppiumDriver.getStatus() with args: []
[MJSONWP] Responding to client with driver.getStatus() result: {"build":{"version":"1.5.3"...
[HTTP] <-- GET /wd/hub/status 200 8 ms - 121 
[HTTP] --> GET /wd/hub/status {}
[MJSONWP] Calling AppiumDriver.getStatus() with args: []
[MJSONWP] Responding to client with driver.getStatus() result: {"build":{"version":"1.5.3"...
[HTTP] <-- GET /wd/hub/status 200 9 ms - 121 
[HTTP] --> GET /wd/hub/status {}
[MJSONWP] Calling AppiumDriver.getStatus() with args: []
[MJSONWP] Responding to client with driver.getStatus() result: {"build":{"version":"1.5.3"...
[HTTP] <-- GET /wd/hub/status 200 9 ms - 121 
[HTTP] --> GET /wd/hub/status {}
[MJSONWP] Calling AppiumDriver.getStatus() with args: []
[MJSONWP] Responding to client with driver.getStatus() result: {"build":{"version":"1.5.3"...
[HTTP] <-- GET /wd/hub/status 200 7 ms - 121 
[HTTP] --> GET /wd/hub/status {}
[MJSONWP] Calling AppiumDriver.getStatus() with args: []
[MJSONWP] Responding to client with driver.getStatus() result: {"build":{"version":"1.5.3"...
[HTTP] <-- GET /wd/hub/status 200 8 ms - 121 
[HTTP] --> GET /wd/hub/status {}
[MJSONWP] Calling AppiumDriver.getStatus() with args: []
[MJSONWP] Responding to client with driver.getStatus() result: {"build":{"version":"1.5.3"...
[HTTP] <-- GET /wd/hub/status 200 8 ms - 121 
[HTTP] --> GET /wd/hub/status {}
[MJSONWP] Calling AppiumDriver.getStatus() with args: []
[MJSONWP] Responding to client with driver.getStatus() result: {"build":{"version":"1.5.3"...
[HTTP] <-- GET /wd/hub/status 200 9 ms - 121 
[HTTP] --> GET /wd/hub/status {}
[MJSONWP] Calling AppiumDriver.getStatus() with args: []
[MJSONWP] Responding to client with driver.getStatus() result: {"build":{"version":"1.5.3"...
[HTTP] <-- GET /wd/hub/status 200 7 ms - 121 
[HTTP] --> GET /wd/hub/status {}
[MJSONWP] Calling AppiumDriver.getStatus() with args: []
[MJSONWP] Responding to client with driver.getStatus() result: {"build":{"version":"1.5.3"...
[HTTP] <-- GET /wd/hub/status 200 8 ms - 121 
[HTTP] --> GET /wd/hub/status {}
[MJSONWP] Calling AppiumDriver.getStatus() with args: []
[MJSONWP] Responding to client with driver.getStatus() result: {"build":{"version":"1.5.3"...
[HTTP] <-- GET /wd/hub/status 200 8 ms - 121 
[HTTP] --> GET /wd/hub/status {}
[MJSONWP] Calling AppiumDriver.getStatus() with args: []
[MJSONWP] Responding to client with driver.getStatus() result: {"build":{"version":"1.5.3"...
[HTTP] <-- GET /wd/hub/status 200 8 ms - 121 
[HTTP] --> GET /wd/hub/status {}
[MJSONWP] Calling AppiumDriver.getStatus() with args: []
[MJSONWP] Responding to client with driver.getStatus() result: {"build":{"version":"1.5.3"...
[HTTP] <-- GET /wd/hub/status 200 7 ms - 121 
[HTTP] --> GET /wd/hub/status {}
[MJSONWP] Calling AppiumDriver.getStatus() with args: []
[MJSONWP] Responding to client with driver.getStatus() result: {"build":{"version":"1.5.3"...
[HTTP] <-- GET /wd/hub/status 200 8 ms - 121 
[HTTP] --> GET /wd/hub/status {}
[MJSONWP] Calling AppiumDriver.getStatus() with args: []
[MJSONWP] Responding to client with driver.getStatus() result: {"build":{"version":"1.5.3"...
[HTTP] <-- GET /wd/hub/status 200 8 ms - 121 
[HTTP] --> GET /wd/hub/status {}
[MJSONWP] Calling AppiumDriver.getStatus() with args: []
[MJSONWP] Responding to client with driver.getStatus() result: {"build":{"version":"1.5.3"...
[HTTP] <-- GET /wd/hub/status 200 9 ms - 121 
[HTTP] --> GET /wd/hub/status {}
[MJSONWP] Calling AppiumDriver.getStatus() with args: []
[MJSONWP] Responding to client with driver.getStatus() result: {"build":{"version":"1.5.3"...
[HTTP] <-- GET /wd/hub/status 200 8 ms - 121 
[HTTP] --> GET /wd/hub/status {}
[MJSONWP] Calling AppiumDriver.getStatus() with args: []
[MJSONWP] Responding to client with driver.getStatus() result: {"build":{"version":"1.5.3"...
[HTTP] <-- GET /wd/hub/status 200 9 ms - 121 
[HTTP] --> GET /wd/hub/status {}
[MJSONWP] Calling AppiumDriver.getStatus() with args: []
[MJSONWP] Responding to client with driver.getStatus() result: {"build":{"version":"1.5.3"...
[HTTP] <-- GET /wd/hub/status 200 9 ms - 121 
[HTTP] --> GET /wd/hub/status {}
[MJSONWP] Calling AppiumDriver.getStatus() with args: []
[MJSONWP] Responding to client with driver.getStatus() result: {"build":{"version":"1.5.3"...
[HTTP] <-- GET /wd/hub/status 200 10 ms - 121 
[HTTP] --> GET /wd/hub/status {}
[MJSONWP] Calling AppiumDriver.getStatus() with args: []
[MJSONWP] Responding to client with driver.getStatus() result: {"build":{"version":"1.5.3"...
[HTTP] <-- GET /wd/hub/status 200 9 ms - 121 
[HTTP] --> GET /wd/hub/status {}
[MJSONWP] Calling AppiumDriver.getStatus() with args: []
[MJSONWP] Responding to client with driver.getStatus() result: {"build":{"version":"1.5.3"...
[HTTP] <-- GET /wd/hub/status 200 9 ms - 121 
[HTTP] --> GET /wd/hub/status {}
[MJSONWP] Calling AppiumDriver.getStatus() with args: []
[MJSONWP] Responding to client with driver.getStatus() result: {"build":{"version":"1.5.3"...
[HTTP] <-- GET /wd/hub/status 200 8 ms - 121 
[HTTP] --> GET /wd/hub/status {}
[MJSONWP] Calling AppiumDriver.getStatus() with args: []
[MJSONWP] Responding to client with driver.getStatus() result: {"build":{"version":"1.5.3"...
[HTTP] <-- GET /wd/hub/status 200 8 ms - 121 
[HTTP] --> GET /wd/hub/status {}
[MJSONWP] Calling AppiumDriver.getStatus() with args: []
[MJSONWP] Responding to client with driver.getStatus() result: {"build":{"version":"1.5.3"...
[HTTP] <-- GET /wd/hub/status 200 9 ms - 121 
[HTTP] --> GET /wd/hub/status {}
[MJSONWP] Calling AppiumDriver.getStatus() with args: []
[MJSONWP] Responding to client with driver.getStatus() result: {"build":{"version":"1.5.3"...
[HTTP] <-- GET /wd/hub/status 200 10 ms - 121 
[HTTP] --> GET /wd/hub/status {}
[MJSONWP] Calling AppiumDriver.getStatus() with args: []
[MJSONWP] Responding to client with driver.getStatus() result: {"build":{"version":"1.5.3"...
[HTTP] <-- GET /wd/hub/status 200 8 ms - 121 
[HTTP] --> GET /wd/hub/status {}
[MJSONWP] Calling AppiumDriver.getStatus() with args: []
[MJSONWP] Responding to client with driver.getStatus() result: {"build":{"version":"1.5.3"...
[HTTP] <-- GET /wd/hub/status 200 8 ms - 121 
[HTTP] --> GET /wd/hub/status {}
[MJSONWP] Calling AppiumDriver.getStatus() with args: []
[MJSONWP] Responding to client with driver.getStatus() result: {"build":{"version":"1.5.3"...
[HTTP] <-- GET /wd/hub/status 200 8 ms - 121 
[HTTP] --> GET /wd/hub/status {}
[MJSONWP] Calling AppiumDriver.getStatus() with args: []
[MJSONWP] Responding to client with driver.getStatus() result: {"build":{"version":"1.5.3"...
[HTTP] <-- GET /wd/hub/status 200 8 ms - 121 
[HTTP] --> GET /wd/hub/status {}
[MJSONWP] Calling AppiumDriver.getStatus() with args: []
[MJSONWP] Responding to client with driver.getStatus() result: {"build":{"version":"1.5.3"...
[HTTP] <-- GET /wd/hub/status 200 8 ms - 121 
[HTTP] --> GET /wd/hub/status {}
[MJSONWP] Calling AppiumDriver.getStatus() with args: []
[MJSONWP] Responding to client with driver.getStatus() result: {"build":{"version":"1.5.3"...
[HTTP] <-- GET /wd/hub/status 200 8 ms - 121 
[HTTP] --> GET /wd/hub/status {}
[MJSONWP] Calling AppiumDriver.getStatus() with args: []
[MJSONWP] Responding to client with driver.getStatus() result: {"build":{"version":"1.5.3"...
[HTTP] <-- GET /wd/hub/status 200 8 ms - 121 
[HTTP] --> GET /wd/hub/status {}
[MJSONWP] Calling AppiumDriver.getStatus() with args: []
[MJSONWP] Responding to client with driver.getStatus() result: {"build":{"version":"1.5.3"...
[HTTP] <-- GET /wd/hub/status 200 8 ms - 121 
[HTTP] --> GET /wd/hub/status {}
[MJSONWP] Calling AppiumDriver.getStatus() with args: []
[MJSONWP] Responding to client with driver.getStatus() result: {"build":{"version":"1.5.3"...
[HTTP] <-- GET /wd/hub/status 200 7 ms - 121 
[HTTP] --> GET /wd/hub/status {}
[MJSONWP] Calling AppiumDriver.getStatus() with args: []
[MJSONWP] Responding to client with driver.getStatus() result: {"build":{"version":"1.5.3"...
[HTTP] <-- GET /wd/hub/status 200 8 ms - 121 
[HTTP] --> GET /wd/hub/status {}
[MJSONWP] Calling AppiumDriver.getStatus() with args: []
[MJSONWP] Responding to client with driver.getStatus() result: {"build":{"version":"1.5.3"...
[HTTP] <-- GET /wd/hub/status 200 9 ms - 121 
[HTTP] --> GET /wd/hub/status {}
[MJSONWP] Calling AppiumDriver.getStatus() with args: []
[MJSONWP] Responding to client with driver.getStatus() result: {"build":{"version":"1.5.3"...
[HTTP] <-- GET /wd/hub/status 200 7 ms - 121 
[HTTP] --> GET /wd/hub/status {}
[MJSONWP] Calling AppiumDriver.getStatus() with args: []
[MJSONWP] Responding to client with driver.getStatus() result: {"build":{"version":"1.5.3"...
[HTTP] <-- GET /wd/hub/status 200 8 ms - 121 
[HTTP] --> GET /wd/hub/status {}
[MJSONWP] Calling AppiumDriver.getStatus() with args: []
[MJSONWP] Responding to client with driver.getStatus() result: {"build":{"version":"1.5.3"...
[HTTP] <-- GET /wd/hub/status 200 8 ms - 121 
[HTTP] --> GET /wd/hub/status {}
[MJSONWP] Calling AppiumDriver.getStatus() with args: []
[MJSONWP] Responding to client with driver.getStatus() result: {"build":{"version":"1.5.3"...
[HTTP] <-- GET /wd/hub/status 200 7 ms - 121 
[HTTP] --> GET /wd/hub/status {}
[MJSONWP] Calling AppiumDriver.getStatus() with args: []
[MJSONWP] Responding to client with driver.getStatus() result: {"build":{"version":"1.5.3"...
[HTTP] <-- GET /wd/hub/status 200 7 ms - 121 
[HTTP] --> GET /wd/hub/status {}
[MJSONWP] Calling AppiumDriver.getStatus() with args: []
[HTTP] --> GET /wd/hub/status {}
[MJSONWP] Calling AppiumDriver.getStatus() with args: []
[MJSONWP] Responding to client with driver.getStatus() result: {"build":{"version":"1.5.3"...
[HTTP] <-- GET /wd/hub/status 200 10 ms - 121 
[MJSONWP] Responding to client with driver.getStatus() result: {"build":{"version":"1.5.3"...
[HTTP] <-- GET /wd/hub/status 200 7 ms - 121 
[HTTP] --> GET /wd/hub/status {}
[MJSONWP] Calling AppiumDriver.getStatus() with args: []
[HTTP] --> GET /wd/hub/status {}
[MJSONWP] Calling AppiumDriver.getStatus() with args: []
[MJSONWP] Responding to client with driver.getStatus() result: {"build":{"version":"1.5.3"...
[MJSONWP] Responding to client with driver.getStatus() result: {"build":{"version":"1.5.3"...
[HTTP] <-- GET /wd/hub/status 200 8 ms - 121 
[HTTP] <-- GET /wd/hub/status 200 8 ms - 121 
[HTTP] --> GET /wd/hub/status {}
[MJSONWP] Calling AppiumDriver.getStatus() with args: []
[HTTP] --> GET /wd/hub/status {}
[MJSONWP] Calling AppiumDriver.getStatus() with args: []
[MJSONWP] Responding to client with driver.getStatus() result: {"build":{"version":"1.5.3"...
[MJSONWP] Responding to client with driver.getStatus() result: {"build":{"version":"1.5.3"...
[HTTP] <-- GET /wd/hub/status 200 8 ms - 121 
[HTTP] <-- GET /wd/hub/status 200 7 ms - 121 
[HTTP] --> GET /wd/hub/status {}
[HTTP] --> GET /wd/hub/status {}
[MJSONWP] Calling AppiumDriver.getStatus() with args: []
[MJSONWP] Calling AppiumDriver.getStatus() with args: []
[MJSONWP] Responding to client with driver.getStatus() result: {"build":{"version":"1.5.3"...
[MJSONWP] Responding to client with driver.getStatus() result: {"build":{"version":"1.5.3"...
[HTTP] <-- GET /wd/hub/status 200 8 ms - 121 
[HTTP] <-- GET /wd/hub/status 200 8 ms - 121 
[HTTP] --> GET /wd/hub/status {}
[HTTP] --> GET /wd/hub/status {}
[MJSONWP] Calling AppiumDriver.getStatus() with args: []
[MJSONWP] Calling AppiumDriver.getStatus() with args: []
[MJSONWP] Responding to client with driver.getStatus() result: {"build":{"version":"1.5.3"...
[HTTP] <-- GET /wd/hub/status 200 8 ms - 121 
[MJSONWP] Responding to client with driver.getStatus() result: {"build":{"version":"1.5.3"...
[HTTP] <-- GET /wd/hub/status 200 9 ms - 121 
[HTTP] --> GET /wd/hub/status {}
[HTTP] --> GET /wd/hub/status {}
[MJSONWP] Calling AppiumDriver.getStatus() with args: []
[MJSONWP] Calling AppiumDriver.getStatus() with args: []
[MJSONWP] Responding to client with driver.getStatus() result: {"build":{"version":"1.5.3"...
[MJSONWP] Responding to client with driver.getStatus() result: {"build":{"version":"1.5.3"...
[HTTP] <-- GET /wd/hub/status 200 9 ms - 121 
[HTTP] <-- GET /wd/hub/status 200 9 ms - 121 
[HTTP] --> GET /wd/hub/status {}
[HTTP] --> GET /wd/hub/status {}
[MJSONWP] Calling AppiumDriver.getStatus() with args: []
[MJSONWP] Calling AppiumDriver.getStatus() with args: []
[MJSONWP] Responding to client with driver.getStatus() result: {"build":{"version":"1.5.3"...
[MJSONWP] Responding to client with driver.getStatus() result: {"build":{"version":"1.5.3"...
[HTTP] <-- GET /wd/hub/status 200 8 ms - 121 
[HTTP] <-- GET /wd/hub/status 200 8 ms - 121 
[HTTP] --> GET /wd/hub/status {}
[HTTP] --> GET /wd/hub/status {}
[MJSONWP] Calling AppiumDriver.getStatus() with args: []
[MJSONWP] Calling AppiumDriver.getStatus() with args: []
[MJSONWP] Responding to client with driver.getStatus() result: {"build":{"version":"1.5.3"...
[MJSONWP] Responding to client with driver.getStatus() result: {"build":{"version":"1.5.3"...
[HTTP] <-- GET /wd/hub/status 200 9 ms - 121 
[HTTP] <-- GET /wd/hub/status 200 10 ms - 121 
[HTTP] --> GET /wd/hub/status {}
[HTTP] --> GET /wd/hub/status {}
[MJSONWP] Calling AppiumDriver.getStatus() with args: []
[MJSONWP] Calling AppiumDriver.getStatus() with args: []
[MJSONWP] Responding to client with driver.getStatus() result: {"build":{"version":"1.5.3"...
[MJSONWP] Responding to client with driver.getStatus() result: {"build":{"version":"1.5.3"...
[HTTP] <-- GET /wd/hub/status 200 8 ms - 121 
[HTTP] <-- GET /wd/hub/status 200 8 ms - 121 
[HTTP] --> GET /wd/hub/status {}
[MJSONWP] Calling AppiumDriver.getStatus() with args: []
[HTTP] --> GET /wd/hub/status {}
[MJSONWP] Calling AppiumDriver.getStatus() with args: []
[MJSONWP] Responding to client with driver.getStatus() result: {"build":{"version":"1.5.3"...
[MJSONWP] Responding to client with driver.getStatus() result: {"build":{"version":"1.5.3"...
[HTTP] <-- GET /wd/hub/status 200 10 ms - 121 
[HTTP] <-- GET /wd/hub/status 200 9 ms - 121 
[HTTP] --> GET /wd/hub/status {}
[HTTP] --> GET /wd/hub/status {}
[MJSONWP] Calling AppiumDriver.getStatus() with args: []
[MJSONWP] Calling AppiumDriver.getStatus() with args: []
[MJSONWP] Responding to client with driver.getStatus() result: {"build":{"version":"1.5.3"...
[HTTP] <-- GET /wd/hub/status 200 9 ms - 121 
[MJSONWP] Responding to client with driver.getStatus() result: {"build":{"version":"1.5.3"...
[HTTP] <-- GET /wd/hub/status 200 10 ms - 121 
[HTTP] --> GET /wd/hub/status {}
[HTTP] --> GET /wd/hub/status {}
[MJSONWP] Calling AppiumDriver.getStatus() with args: []
[MJSONWP] Calling AppiumDriver.getStatus() with args: []
[MJSONWP] Responding to client with driver.getStatus() result: {"build":{"version":"1.5.3"...
[HTTP] <-- GET /wd/hub/status 200 8 ms - 121 
[MJSONWP] Responding to client with driver.getStatus() result: {"build":{"version":"1.5.3"...
[HTTP] <-- GET /wd/hub/status 200 9 ms - 121 
[HTTP] --> GET /wd/hub/status {}
[HTTP] --> GET /wd/hub/status {}
[MJSONWP] Calling AppiumDriver.getStatus() with args: []
[MJSONWP] Calling AppiumDriver.getStatus() with args: []
[MJSONWP] Responding to client with driver.getStatus() result: {"build":{"version":"1.5.3"...
[MJSONWP] Responding to client with driver.getStatus() result: {"build":{"version":"1.5.3"...
[HTTP] <-- GET /wd/hub/status 200 8 ms - 121 
[HTTP] <-- GET /wd/hub/status 200 8 ms - 121 
[HTTP] --> GET /wd/hub/status {}
[HTTP] --> GET /wd/hub/status {}
[MJSONWP] Calling AppiumDriver.getStatus() with args: []
[MJSONWP] Calling AppiumDriver.getStatus() with args: []
[MJSONWP] Responding to client with driver.getStatus() result: {"build":{"version":"1.5.3"...
[HTTP] <-- GET /wd/hub/status 200 8 ms - 121 
[MJSONWP] Responding to client with driver.getStatus() result: {"build":{"version":"1.5.3"...
[HTTP] <-- GET /wd/hub/status 200 9 ms - 121 
[HTTP] --> GET /wd/hub/status {}
[HTTP] --> GET /wd/hub/status {}
[MJSONWP] Calling AppiumDriver.getStatus() with args: []
[MJSONWP] Calling AppiumDriver.getStatus() with args: []
[MJSONWP] Responding to client with driver.getStatus() result: {"build":{"version":"1.5.3"...
[MJSONWP] Responding to client with driver.getStatus() result: {"build":{"version":"1.5.3"...
[HTTP] <-- GET /wd/hub/status 200 8 ms - 121 
[HTTP] <-- GET /wd/hub/status 200 8 ms - 121 
[HTTP] --> GET /wd/hub/status {}
[HTTP] --> GET /wd/hub/status {}
[MJSONWP] Calling AppiumDriver.getStatus() with args: []
[MJSONWP] Calling AppiumDriver.getStatus() with args: []
[MJSONWP] Responding to client with driver.getStatus() result: {"build":{"version":"1.5.3"...
[MJSONWP] Responding to client with driver.getStatus() result: {"build":{"version":"1.5.3"...
[HTTP] <-- GET /wd/hub/status 200 8 ms - 121 
[HTTP] <-- GET /wd/hub/status 200 8 ms - 121 
[HTTP] --> GET /wd/hub/status {}
[HTTP] --> GET /wd/hub/status {}
[MJSONWP] Calling AppiumDriver.getStatus() with args: []
[MJSONWP] Calling AppiumDriver.getStatus() with args: []
[MJSONWP] Responding to client with driver.getStatus() result: {"build":{"version":"1.5.3"...
[MJSONWP] Responding to client with driver.getStatus() result: {"build":{"version":"1.5.3"...
[HTTP] <-- GET /wd/hub/status 200 8 ms - 121 
[HTTP] <-- GET /wd/hub/status 200 8 ms - 121 
[debug] [Appium] Hub down or not responding: Error: connect ECONNREFUSED 127.0.0.1:4444
[debug] [Appium] Hub down or not responding: Error: connect ECONNREFUSED 127.0.0.1:4444
[Appium] Request to register with grid was unsuccessful: Error: connect ECONNREFUSED 127.0.0.1:4444
[Appium] Request to register with grid was unsuccessful: Error: connect ECONNREFUSED 127.0.0.1:4444
[debug] [Appium] Hub down or not responding: Error: connect ECONNREFUSED 127.0.0.1:4444
[Appium] Request to register with grid was unsuccessful: Error: connect ECONNREFUSED 127.0.0.1:4444
[debug] [Appium] Hub down or not responding: Error: connect ECONNREFUSED 127.0.0.1:4444
[Appium] Request to register with grid was unsuccessful: Error: connect ECONNREFUSED 127.0.0.1:4444
[debug] [Appium] Hub down or not responding: Error: connect ECONNREFUSED 127.0.0.1:4444
[Appium] Request to register with grid was unsuccessful: Error: connect ECONNREFUSED 127.0.0.1:4444
[debug] [Appium] Hub down or not responding: Error: connect ECONNREFUSED 127.0.0.1:4444
[Appium] Request to register with grid was unsuccessful: Error: connect ECONNREFUSED 127.0.0.1:4444
[debug] [Appium] Hub down or not responding: Error: connect ECONNREFUSED 127.0.0.1:4444
[Appium] Request to register with grid was unsuccessful: Error: connect ECONNREFUSED 127.0.0.1:4444
[debug] [Appium] Hub down or not responding: Error: connect ECONNREFUSED 127.0.0.1:4444
[Appium] Request to register with grid was unsuccessful: Error: connect ECONNREFUSED 127.0.0.1:4444
[debug] [Appium] Hub down or not responding: Error: connect ECONNREFUSED 127.0.0.1:4444
[debug] [Appium] Hub down or not responding: Error: connect ECONNREFUSED 127.0.0.1:4444
[Appium] Request to register with grid was unsuccessful: Error: connect ECONNREFUSED 127.0.0.1:4444
[Appium] Request to register with grid was unsuccessful: Error: connect ECONNREFUSED 127.0.0.1:4444
[debug] [Appium] Hub down or not responding: Error: connect ECONNREFUSED 127.0.0.1:4444
[debug] [Appium] Hub down or not responding: Error: connect ECONNREFUSED 127.0.0.1:4444
[Appium] Request to register with grid was unsuccessful: Error: connect ECONNREFUSED 127.0.0.1:4444
[Appium] Request to register with grid was unsuccessful: Error: connect ECONNREFUSED 127.0.0.1:4444
[debug] [Appium] Hub down or not responding: Error: connect ECONNREFUSED 127.0.0.1:4444
[debug] [Appium] Hub down or not responding: Error: connect ECONNREFUSED 127.0.0.1:4444
[Appium] Request to register with grid was unsuccessful: Error: connect ECONNREFUSED 127.0.0.1:4444
[Appium] Request to register with grid was unsuccessful: Error: connect ECONNREFUSED 127.0.0.1:4444
[debug] [Appium] Hub down or not responding: Error: connect ECONNREFUSED 127.0.0.1:4444
[debug] [Appium] Hub down or not responding: Error: connect ECONNREFUSED 127.0.0.1:4444
[Appium] Request to register with grid was unsuccessful: Error: connect ECONNREFUSED 127.0.0.1:4444
[Appium] Request to register with grid was unsuccessful: Error: connect ECONNREFUSED 127.0.0.1:4444
[debug] [Appium] Hub down or not responding: Error: connect ECONNREFUSED 127.0.0.1:4444
[debug] [Appium] Hub down or not responding: Error: connect ECONNREFUSED 127.0.0.1:4444
[Appium] Request to register with grid was unsuccessful: Error: connect ECONNREFUSED 127.0.0.1:4444
[Appium] Request to register with grid was unsuccessful: Error: connect ECONNREFUSED 127.0.0.1:4444
[debug] [Appium] Hub down or not responding: Error: connect ECONNREFUSED 127.0.0.1:4444
[debug] [Appium] Hub down or not responding: Error: connect ECONNREFUSED 127.0.0.1:4444
[Appium] Request to register with grid was unsuccessful: Error: connect ECONNREFUSED 127.0.0.1:4444
[Appium] Request to register with grid was unsuccessful: Error: connect ECONNREFUSED 127.0.0.1:4444
[debug] [Appium] Hub down or not responding: Error: connect ECONNREFUSED 127.0.0.1:4444
[debug] [Appium] Hub down or not responding: Error: connect ECONNREFUSED 127.0.0.1:4444
[Appium] Request to register with grid was unsuccessful: Error: connect ECONNREFUSED 127.0.0.1:4444
[Appium] Request to register with grid was unsuccessful: Error: connect ECONNREFUSED 127.0.0.1:4444
[debug] [Appium] Hub down or not responding: Error: connect ECONNREFUSED 127.0.0.1:4444
[debug] [Appium] Hub down or not responding: Error: connect ECONNREFUSED 127.0.0.1:4444
[Appium] Request to register with grid was unsuccessful: Error: connect ECONNREFUSED 127.0.0.1:4444
[Appium] Request to register with grid was unsuccessful: Error: connect ECONNREFUSED 127.0.0.1:4444
[debug] [Appium] Hub down or not responding: Error: connect ECONNREFUSED 127.0.0.1:4444
[debug] [Appium] Hub down or not responding: Error: connect ECONNREFUSED 127.0.0.1:4444
[Appium] Request to register with grid was unsuccessful: Error: connect ECONNREFUSED 127.0.0.1:4444
[Appium] Request to register with grid was unsuccessful: Error: connect ECONNREFUSED 127.0.0.1:4444
[debug] [Appium] Hub down or not responding: Error: connect ECONNREFUSED 127.0.0.1:4444
[debug] [Appium] Hub down or not responding: Error: connect ECONNREFUSED 127.0.0.1:4444
[Appium] Request to register with grid was unsuccessful: Error: connect ECONNREFUSED 127.0.0.1:4444
[Appium] Request to register with grid was unsuccessful: Error: connect ECONNREFUSED 127.0.0.1:4444
[debug] [Appium] Grid registration error: Cannot find proxy with ID =http://0.0.0.0:4724 in the registry.
[debug] [Appium] Grid registration error: Cannot find proxy with ID =http://0.0.0.0:4723 in the registry.
[debug] [Appium] Appium successfully registered with the grid on localhost:4444
[debug] [Appium] Appium successfully registered with the grid on localhost:4444
[HTTP] --> GET /wd/hub/status {}
[HTTP] --> GET /wd/hub/status {}
[MJSONWP] Calling AppiumDriver.getStatus() with args: []
[MJSONWP] Calling AppiumDriver.getStatus() with args: []
[MJSONWP] Responding to client with driver.getStatus() result: {"build":{"version":"1.5.3"...
[MJSONWP] Responding to client with driver.getStatus() result: {"build":{"version":"1.5.3"...
[HTTP] <-- GET /wd/hub/status 200 9 ms - 121 
[HTTP] <-- GET /wd/hub/status 200 9 ms - 121 
[HTTP] --> GET /wd/hub/status {}
[MJSONWP] Calling AppiumDriver.getStatus() with args: []
[HTTP] --> GET /wd/hub/status {}
[MJSONWP] Calling AppiumDriver.getStatus() with args: []
[MJSONWP] Responding to client with driver.getStatus() result: {"build":{"version":"1.5.3"...
[MJSONWP] Responding to client with driver.getStatus() result: {"build":{"version":"1.5.3"...
[HTTP] <-- GET /wd/hub/status 200 8 ms - 121 
[HTTP] <-- GET /wd/hub/status 200 10 ms - 121 
[HTTP] --> GET /wd/hub/status {}
[MJSONWP] Calling AppiumDriver.getStatus() with args: []
[MJSONWP] Responding to client with driver.getStatus() result: {"build":{"version":"1.5.3"...
[HTTP] <-- GET /wd/hub/status 200 7 ms - 121 
[HTTP] --> GET /wd/hub/status {}
[MJSONWP] Calling AppiumDriver.getStatus() with args: []
[MJSONWP] Responding to client with driver.getStatus() result: {"build":{"version":"1.5.3"...
[HTTP] <-- GET /wd/hub/status 200 7 ms - 121 
[HTTP] --> GET /wd/hub/status {}
[HTTP] --> GET /wd/hub/status {}
[MJSONWP] Calling AppiumDriver.getStatus() with args: []
[MJSONWP] Calling AppiumDriver.getStatus() with args: []
[MJSONWP] Responding to client with driver.getStatus() result: {"build":{"version":"1.5.3"...
[MJSONWP] Responding to client with driver.getStatus() result: {"build":{"version":"1.5.3"...
[HTTP] <-- GET /wd/hub/status 200 9 ms - 121 
[HTTP] <-- GET /wd/hub/status 200 9 ms - 121 
[HTTP] --> GET /wd/hub/status {}
[MJSONWP] Calling AppiumDriver.getStatus() with args: []
[HTTP] --> GET /wd/hub/status {}
[MJSONWP] Calling AppiumDriver.getStatus() with args: []
[MJSONWP] Responding to client with driver.getStatus() result: {"build":{"version":"1.5.3"...
[MJSONWP] Responding to client with driver.getStatus() result: {"build":{"version":"1.5.3"...
[HTTP] <-- GET /wd/hub/status 200 8 ms - 121 
[HTTP] <-- GET /wd/hub/status 200 9 ms - 121 
[HTTP] --> GET /wd/hub/status {}
[HTTP] --> GET /wd/hub/status {}
[MJSONWP] Calling AppiumDriver.getStatus() with args: []
[MJSONWP] Calling AppiumDriver.getStatus() with args: []
[MJSONWP] Responding to client with driver.getStatus() result: {"build":{"version":"1.5.3"...
[MJSONWP] Responding to client with driver.getStatus() result: {"build":{"version":"1.5.3"...
[HTTP] <-- GET /wd/hub/status 200 8 ms - 121 
[HTTP] <-- GET /wd/hub/status 200 8 ms - 121 
